Arguments: 
  C:\Program Files\nodejs\node.exe C:\Users\gusai\AppData\Roaming\npm\node_modules\yarn\bin\yarn.js

PATH: 
  C:\Program Files\Java\jdk-18.0.2.1\bin;C:\Program Files\Common Files\Oracle\Java\javapath;C:\Windows\system32;C:\Windows;C:\Windows\System32\Wbem;C:\Windows\System32\WindowsPowerShell\v1.0\;C:\Windows\System32\OpenSSH\;C:\Program Files\NVIDIA Corporation\NVIDIA NvDLISR;C:\WINDOWS\system32;C:\WINDOWS;C:\WINDOWS\System32\Wbem;C:\WINDOWS\System32\WindowsPowerShell\v1.0\;C:\WINDOWS\System32\OpenSSH\;C:\Program Files\Git\cmd;C:\Program Files (x86)\NVIDIA Corporation\PhysX\Common;C:\Program Files\nodejs\;C:\Program Files\Java\jdk-20\bin;C:\Users\gusai\AppData\Local\Microsoft\WindowsApps;C:\Users\gusai\AppData\Local\Programs\Microsoft VS Code\bin;C:\Users\gusai\AppData\Local\GitHubDesktop\bin;C:\Users\gusai\AppData\Roaming\npm

Yarn version: 
  1.22.19

Node version: 
  18.15.0

Platform: 
  win32 x64

Trace: 
  Error: EPERM: operation not permitted, unlink 'C:\Users\gusai\Desktop\minipro\node_modules\esbuild\lib\downloaded-@esbuild-win32-x64-esbuild.exe'

npm manifest: 
  {
    "name": "react-app",
    "private": true,
    "version": "0.0.0",
    "type": "module",
    "scripts": {
      "dev": "vite",
      "build": "vite build",
      "preview": "vite preview"
    },
    "dependencies": {
      "@emailjs/browser": "^3.10.0",
      "@react-three/drei": "^9.56.28",
      "@react-three/fiber": "^8.11.5",
      "@react-three/postprocessing": "^2.7.0",
      "emailjs-com": "^3.2.0",
      "prop-types": "^15.8.1",
      "react": "^18.2.0",
      "react-dom": "^18.2.0",
      "react-simple-maps": "^3.0.0",
      "styled-components": "^5.3.6",
      "three": "^0.150.1"
    },
    "devDependencies": {
      "@types/react": "^18.0.26",
      "@types/react-dom": "^18.0.9",
      "@vitejs/plugin-react": "^3.0.0",
      "vite": "^4.0.0"
    }
  }

yarn manifest: 
  No manifest

Lockfile: 
  No lockfile
